
=== Tue Mar 31 16:41:20 2020

Packages were changed.
Update Mode: mergeDefaultDependencies

The following packages were updated:
  com.unity.analytics from version 3.2.2 to 3.3.2
  com.unity.collab-proxy from version 1.2.9 to 1.2.16
  com.unity.package-manager-ui from version 2.1.1 to 2.1.2
  com.unity.purchasing from version 2.0.1 to 2.0.6
  com.unity.textmeshpro from version 1.3.0 to 2.0.1
  com.unity.timeline from version 0.0.0-builtin to 1.0.0

=== Sat Apr  4 19:43:36 2020

Packages were changed.
Update Mode: updateDependencies

The following packages were added:
  com.unity.2d.sprite@1.0.0
  com.unity.2d.tilemap@1.0.0
  com.unity.ide.rider@1.1.4
  com.unity.ide.vscode@1.1.4
  com.unity.modules.androidjni@1.0.0
  com.unity.test-framework@1.1.11
  com.unity.ugui@1.0.0
The following packages were updated:
  com.unity.analytics from version 3.3.2 to 3.3.5
  com.unity.timeline from version 1.0.0 to 1.2.6
The following packages were removed:
  com.unity.package-manager-ui@2.1.2

=== Sun Feb 21 14:45:32 2021

Packages were changed.
Update Mode: updateDependencies

The following packages were updated:
  com.unity.ads from version 2.0.8 to 3.6.1
  com.unity.ide.vscode from version 1.1.4 to 1.2.3
  com.unity.purchasing from version 2.0.6 to 2.2.1
  com.unity.test-framework from version 1.1.11 to 1.1.22

=== Tue May 18 20:04:22 2021

Packages were changed.
Update Mode: updateDependencies

The following packages were added:
  com.unity.ide.visualstudio@2.0.7
The following packages were updated:
  com.unity.analytics from version 3.3.5 to 3.5.3
  com.unity.collab-proxy from version 1.2.16 to 1.3.9
  com.unity.textmeshpro from version 2.0.1 to 3.0.1
  com.unity.timeline from version 1.2.6 to 1.4.7

=== Wed Nov 10 11:37:28 2021

Packages were changed.
Update Mode: updateDependencies

The following packages were updated:
  com.unity.analytics from version 3.5.3 to 3.6.11
  com.unity.collab-proxy from version 1.3.9 to 1.13.5
  com.unity.ide.visualstudio from version 2.0.7 to 2.0.11
  com.unity.ide.vscode from version 1.2.3 to 1.2.4
  com.unity.textmeshpro from version 3.0.1 to 3.0.6
  com.unity.timeline from version 1.4.7 to 1.4.8
